2015-03-25 12:21:25,656 [main] INFO  org.apache.pig.Main - Apache Pig version 0.11.2-mapr (rexported) compiled Jul 12 2013, 16:59:38
2015-03-25 12:21:25,657 [main] INFO  org.apache.pig.Main - Logging error messages to: /data1/home/jli21/sams/oa_module/2015may_79/memberSplit/pig_1427311285652.log
2015-03-25 12:21:26,248 [main] INFO  org.apache.pig.impl.util.Utils - Default bootup file /home/jli21/.pigbootup not found
2015-03-25 12:21:26,662 [main] INFO  org.apache.pig.backend.hadoop.executionengine.HExecutionEngine - Connecting to hadoop file system at: maprfs:///
2015-03-25 12:21:26,909 [main] INFO  org.apache.pig.backend.hadoop.executionengine.HExecutionEngine - Connecting to map-reduce job tracker at: maprfs:///
2015-03-25 12:21:28,312 [main] INFO  org.apache.pig.tools.pigstats.ScriptState - Pig features used in the script: HASH_JOIN,FILTER
2015-03-25 12:21:28,409 [main] INFO  org.apache.pig.newplan.logical.rules.ColumnPruneVisitor - Columns pruned for decile: $2, $3
2015-03-25 12:21:28,642 [main] INFO  org.apache.pig.backend.hadoop.executionengine.mapReduceLayer.MRCompiler - File concatenation threshold: 100 optimistic? false
2015-03-25 12:21:28,695 [main] INFO  org.apache.pig.backend.hadoop.executionengine.mapReduceLayer.MRCompiler$LastInputStreamingOptimizer - Rewrite: POPackage->POForEach to POJoinPackage
2015-03-25 12:21:28,709 [main] INFO  org.apache.pig.backend.hadoop.executionengine.mapReduceLayer.MultiQueryOptimizer - MR plan size before optimization: 1
2015-03-25 12:21:28,710 [main] INFO  org.apache.pig.backend.hadoop.executionengine.mapReduceLayer.MultiQueryOptimizer - MR plan size after optimization: 1
2015-03-25 12:21:28,807 [main] INFO  org.apache.pig.tools.pigstats.ScriptState - Pig script settings are added to the job
2015-03-25 12:21:28,849 [main] INFO  org.apache.pig.backend.hadoop.executionengine.mapReduceLayer.JobControlCompiler - mapred.job.reduce.markreset.buffer.percent is not set, set to default 0.3
2015-03-25 12:21:28,857 [main] INFO  org.apache.pig.backend.hadoop.executionengine.mapReduceLayer.JobControlCompiler - Setting Parallelism to 800
2015-03-25 12:21:28,858 [main] INFO  org.apache.pig.backend.hadoop.executionengine.mapReduceLayer.JobControlCompiler - creating jar file Job93255734639665640.jar
2015-03-25 12:21:37,456 [main] INFO  org.apache.pig.backend.hadoop.executionengine.mapReduceLayer.JobControlCompiler - jar file Job93255734639665640.jar created
2015-03-25 12:21:37,495 [main] INFO  org.apache.pig.backend.hadoop.executionengine.mapReduceLayer.JobControlCompiler - Setting up single store job
2015-03-25 12:21:37,509 [main] INFO  org.apache.pig.data.SchemaTupleFrontend - Key [pig.schematuple] is false, will not generate code.
2015-03-25 12:21:37,509 [main] INFO  org.apache.pig.data.SchemaTupleFrontend - Starting process to move generated code to distributed cacche
2015-03-25 12:21:37,511 [main] INFO  org.apache.pig.data.SchemaTupleFrontend - Setting key [pig.schematuple.classes] with classes to deserialize []
2015-03-25 12:21:37,690 [main] INFO  org.apache.pig.backend.hadoop.executionengine.mapReduceLayer.MapReduceLauncher - 1 map-reduce job(s) waiting for submission.
2015-03-25 12:21:37,726 [JobControl] INFO  org.apache.zookeeper.ZooKeeper - Client environment:zookeeper.version=3.3.6--1, built on 09/07/2012 18:16 GMT
2015-03-25 12:21:37,726 [JobControl] INFO  org.apache.zookeeper.ZooKeeper - Client environment:host.name=sg-dev01.sv.walmartlabs.com
2015-03-25 12:21:37,726 [JobControl] INFO  org.apache.zookeeper.ZooKeeper - Client environment:java.version=1.6.0_38
2015-03-25 12:21:37,726 [JobControl] INFO  org.apache.zookeeper.ZooKeeper - Client environment:java.vendor=Sun Microsystems Inc.
2015-03-25 12:21:37,726 [JobControl] INFO  org.apache.zookeeper.ZooKeeper - Client environment:java.home=/usr/java/jdk1.6.0_38/jre
2015-03-25 12:21:37,726 [JobControl] INFO  org.apache.zookeeper.ZooKeeper - Client environment:java.class.path=/opt/mapr/hadoop/hadoop-0.20.2/bin/../conf:/usr/java/default/lib/tools.jar:/data1/opt/mapr/pig/pig-0.11.2/bin/../conf:/usr/java/default/lib/tools.jar:/data1/opt/mapr/pig/pig-0.11.2/bin/../lib/sdsuLibJKD12.jar:/data1/opt/mapr/pig/pig-0.11.2/bin/../pig-withouthadoop.jar::/usr/local/bfd/lib/hadoop/jackson-mapper-asl-1.9.2.jar:/usr/local/bfd/lib/hadoop/jackson-core-asl-1.9.2.jar:/usr/local/bfd/lib/hadoop/hadoop-snappy-0.0.1-walmart.jar:/opt/hadoopgpl/lib/hadoop-lzo.jar:/usr/local/bfd-hadoop-common/lib/bfd-hadoop-util-0.1-SNAPSHOT.jar:/opt/mapr/hadoop/hadoop-0.20.2/bin/..:/opt/mapr/hadoop/hadoop-0.20.2/bin/../hadoop*core*.jar:/opt/mapr/hadoop/hadoop-0.20.2/bin/../lib/amazon-s3.jar:/opt/mapr/hadoop/hadoop-0.20.2/bin/../lib/asm-3.2.jar:/opt/mapr/hadoop/hadoop-0.20.2/bin/../lib/aspectjrt-1.6.5.jar:/opt/mapr/hadoop/hadoop-0.20.2/bin/../lib/aspectjtools-1.6.5.jar:/opt/mapr/hadoop/hadoop-0.20.2/bin/../lib/aws-java-sdk-1.3.26.jar:/opt/mapr/hadoop/hadoop-0.20.2/bin/../lib/baseutils-0.1.jar:/opt/mapr/hadoop/hadoop-0.20.2/bin/../lib/commons-cli-1.2.jar:/opt/mapr/hadoop/hadoop-0.20.2/bin/../lib/commons-codec-1.5.jar:/opt/mapr/hadoop/hadoop-0.20.2/bin/../lib/commons-configuration-1.8.jar:/opt/mapr/hadoop/hadoop-0.20.2/bin/../lib/commons-daemon-1.0.1.jar:/opt/mapr/hadoop/hadoop-0.20.2/bin/../lib/commons-el-1.0.jar:/opt/mapr/hadoop/hadoop-0.20.2/bin/../lib/commons-httpclient-3.0.1.jar:/opt/mapr/hadoop/hadoop-0.20.2/bin/../lib/commons-httpclient-3.1.jar:/opt/mapr/hadoop/hadoop-0.20.2/bin/../lib/commons-lang-2.6.jar:/opt/mapr/hadoop/hadoop-0.20.2/bin/../lib/commons-logging-1.0.4.jar:/opt/mapr/hadoop/hadoop-0.20.2/bin/../lib/commons-logging-1.1.1.jar:/opt/mapr/hadoop/hadoop-0.20.2/bin/../lib/commons-logging-api-1.0.4.jar:/opt/mapr/hadoop/hadoop-0.20.2/bin/../lib/commons-math-2.1.jar:/opt/mapr/hadoop/hadoop-0.20.2/bin/../lib/commons-net-1.4.1.jar:/opt/mapr/hadoop/hadoop-0.20.2/bin/../lib/commons-net-3.1.jar:/opt/mapr/hadoop/hadoop-0.20.2/bin/../lib/core-3.1.1.jar:/opt/mapr/hadoop/hadoop-0.20.2/bin/../lib/emr-metrics-1.0.jar:/opt/mapr/hadoop/hadoop-0.20.2/bin/../lib/eval-0.5.jar:/opt/mapr/hadoop/hadoop-0.20.2/bin/../lib/gson-1.4.jar:/opt/mapr/hadoop/hadoop-0.20.2/bin/../lib/guava-13.0.1.jar:/opt/mapr/hadoop/hadoop-0.20.2/bin/../lib/hadoop-0.20.2-dev-capacity-scheduler.jar:/opt/mapr/hadoop/hadoop-0.20.2/bin/../lib/hadoop-0.20.2-dev-core.jar:/opt/mapr/hadoop/hadoop-0.20.2/bin/../lib/hadoop-0.20.2-dev-fairscheduler.jar:/opt/mapr/hadoop/hadoop-0.20.2/bin/../lib/hsqldb-1.8.0.10.jar:/opt/mapr/hadoop/hadoop-0.20.2/bin/../lib/httpclient-4.1.1.jar:/opt/mapr/hadoop/hadoop-0.20.2/bin/../lib/httpcore-4.1.jar:/opt/mapr/hadoop/hadoop-0.20.2/bin/../lib/jackson-core-asl-1.5.2.jar:/opt/mapr/hadoop/hadoop-0.20.2/bin/../lib/jackson-mapper-asl-1.5.2.jar:/opt/mapr/hadoop/hadoop-0.20.2/bin/../lib/jasper-compiler-5.5.12.jar:/opt/mapr/hadoop/hadoop-0.20.2/bin/../lib/jasper-runtime-5.5.12.jar:/opt/mapr/hadoop/hadoop-0.20.2/bin/../lib/jersey-core-1.8.jar:/opt/mapr/hadoop/hadoop-0.20.2/bin/../lib/jersey-json-1.8.jar:/opt/mapr/hadoop/hadoop-0.20.2/bin/../lib/jersey-server-1.8.jar:/opt/mapr/hadoop/hadoop-0.20.2/bin/../lib/jets3t-0.6.1.jar:/opt/mapr/hadoop/hadoop-0.20.2/bin/../lib/jetty-6.1.26.jar:/opt/mapr/hadoop/hadoop-0.20.2/bin/../lib/jetty-servlet-tester-6.1.26.jar:/opt/mapr/hadoop/hadoop-0.20.2/bin/../lib/jetty-util-6.1.26.jar:/opt/mapr/hadoop/hadoop-0.20.2/bin/../lib/junit-4.5.jar:/opt/mapr/hadoop/hadoop-0.20.2/bin/../lib/kfs-0.2.2.jar:/opt/mapr/hadoop/hadoop-0.20.2/bin/../lib/libprotodefs.jar:/opt/mapr/hadoop/hadoop-0.20.2/bin/../lib/log4j-1.2.15.jar:/opt/mapr/hadoop/hadoop-0.20.2/bin/../lib/logging-0.1.jar:/opt/mapr/hadoop/hadoop-0.20.2/bin/../lib/maprfs-1.0.3-mapr-3.0.3.jar:/opt/mapr/hadoop/hadoop-0.20.2/bin/../lib/maprfs-core-1.0.3-mapr-3.0.3.jar:/opt/mapr/hadoop/hadoop-0.20.2/bin/../lib/maprfs-core-1.0.3-mapr-3.0.3-tests.jar:/opt/mapr/hadoop/hadoop-0.20.2/bin/../lib/maprfs-diagnostic-tools-1.0.3-mapr-3.0.3.jar:/opt/mapr/hadoop/hadoop-0.20.2/bin/../lib/maprfs-*.jar:/opt/mapr/hadoop/hadoop-0.20.2/bin/../lib/maprfs-jni-1.0.3-mapr-3.0.3.jar:/opt/mapr/hadoop/hadoop-0.20.2/bin/../lib/mapr-hbase-1.0.3-mapr-3.0.3.jar:/opt/mapr/hadoop/hadoop-0.20.2/bin/../lib/mapr-hbase-1.0.3-mapr-3.0.3-tests.jar:/opt/mapr/hadoop/hadoop-0.20.2/bin/../lib/maprsecurity-0.1.jar:/opt/mapr/hadoop/hadoop-0.20.2/bin/../lib/mockito-all-1.8.2.jar:/opt/mapr/hadoop/hadoop-0.20.2/bin/../lib/mockito-all-1.8.5.jar:/opt/mapr/hadoop/hadoop-0.20.2/bin/../lib/mysql-connector-java-5.0.8-bin.jar:/opt/mapr/hadoop/hadoop-0.20.2/bin/../lib/oro-2.0.8.jar:/opt/mapr/hadoop/hadoop-0.20.2/bin/../lib/protobuf-java-2.4.1.jar:/opt/mapr/hadoop/hadoop-0.20.2/bin/../lib/servlet-api-2.5-20081211.jar:/opt/mapr/hadoop/hadoop-0.20.2/bin/../lib/servlet-api-2.5-6.1.14.jar:/opt/mapr/hadoop/hadoop-0.20.2/bin/../lib/slf4j-api-1.4.3.jar:/opt/mapr/hadoop/hadoop-0.20.2/bin/../lib/slf4j-log4j12-1.4.3.jar:/opt/mapr/hadoop/hadoop-0.20.2/bin/../lib/xmlenc-0.52.jar:/opt/mapr/hadoop/hadoop-0.20.2/bin/../lib/zookeeper-3.3.6.jar:/opt/mapr/hadoop/hadoop-0.20.2/bin/../lib/jsp-2.1/jsp-2.1.jar:/opt/mapr/hadoop/hadoop-0.20.2/bin/../lib/jsp-2.1/jsp-api-2.1.jar
2015-03-25 12:21:37,726 [JobControl] INFO  org.apache.zookeeper.ZooKeeper - Client environment:java.library.path=/opt/hadoopgpl/native/Linux-amd64-64:/usr/local/bfd/lib/hadoop/native/Linux-amd64-64:/opt/mapr/hadoop/hadoop-0.20.2/bin/../lib/native/Linux-amd64-64::/usr/lib64
2015-03-25 12:21:37,726 [JobControl] INFO  org.apache.zookeeper.ZooKeeper - Client environment:java.io.tmpdir=/tmp
2015-03-25 12:21:37,727 [JobControl] INFO  org.apache.zookeeper.ZooKeeper - Client environment:java.compiler=<NA>
2015-03-25 12:21:37,727 [JobControl] INFO  org.apache.zookeeper.ZooKeeper - Client environment:os.name=Linux
2015-03-25 12:21:37,727 [JobControl] INFO  org.apache.zookeeper.ZooKeeper - Client environment:os.arch=amd64
2015-03-25 12:21:37,727 [JobControl] INFO  org.apache.zookeeper.ZooKeeper - Client environment:os.version=2.6.32-358.6.2.el6.x86_64
2015-03-25 12:21:37,727 [JobControl] INFO  org.apache.zookeeper.ZooKeeper - Client environment:user.name=jli21
2015-03-25 12:21:37,727 [JobControl] INFO  org.apache.zookeeper.ZooKeeper - Client environment:user.home=/home/jli21
2015-03-25 12:21:37,727 [JobControl] INFO  org.apache.zookeeper.ZooKeeper - Client environment:user.dir=/data1/home/jli21/sams/oa_module/2015may_79/memberSplit
2015-03-25 12:21:37,729 [JobControl] INFO  org.apache.zookeeper.ZooKeeper - Initiating client connection, connectString=mapr010:5181,mapr020:5181,mapr030:5181,mapr040:5181,mapr101:5181 sessionTimeout=30000 watcher=com.mapr.fs.JobTrackerWatcher@63f9f0f2
2015-03-25 12:21:37,780 [JobControl-SendThread()] INFO  org.apache.zookeeper.ClientCnxn - Opening socket connection to server mapr040/10.93.128.140:5181
2015-03-25 12:21:37,792 [JobControl-SendThread(mapr040:5181)] INFO  org.apache.zookeeper.ClientCnxn - Socket connection established to mapr040/10.93.128.140:5181, initiating session
2015-03-25 12:21:37,809 [JobControl-SendThread(mapr040:5181)] INFO  org.apache.zookeeper.ClientCnxn - Session establishment complete on server mapr040/10.93.128.140:5181, sessionid = 0x34b37561c462890, negotiated timeout = 30000
2015-03-25 12:21:37,932 [JobControl] INFO  com.mapr.fs.JobTrackerWatcher - Current running JobTracker is: mapr300.sv.walmartlabs.com/10.93.128.42:9001
2015-03-25 12:21:38,192 [main] INFO  org.apache.pig.backend.hadoop.executionengine.mapReduceLayer.MapReduceLauncher - 0% complete
2015-03-25 12:21:43,455 [JobControl] INFO  org.apache.hadoop.mapreduce.lib.input.FileInputFormat - Total input paths to process : 800
2015-03-25 12:21:43,456 [JobControl] INFO  org.apache.pig.backend.hadoop.executionengine.util.MapRedUtil - Total input paths to process : 800
2015-03-25 12:21:45,270 [JobControl] INFO  org.apache.pig.backend.hadoop.executionengine.util.MapRedUtil - Total input paths (combined) to process : 278
2015-03-25 12:21:45,303 [JobControl] INFO  org.apache.hadoop.mapreduce.lib.input.FileInputFormat - Total input paths to process : 10
2015-03-25 12:21:45,303 [JobControl] INFO  org.apache.pig.backend.hadoop.executionengine.util.MapRedUtil - Total input paths to process : 10
2015-03-25 12:21:45,423 [JobControl] INFO  org.apache.pig.backend.hadoop.executionengine.util.MapRedUtil - Total input paths (combined) to process : 1
2015-03-25 12:21:51,462 [JobControl] INFO  org.apache.hadoop.mapred.JobClient - Creating job's output directory at /user/jli21/pythia/Workspaces/SamsMEP/Recommend/Scoring/79/2015-03-12/Decay/recommend_score_cobought_no_smoothing_max_cosine_cobought_transaction_debug_adj_study_scaled_test_5_plus
2015-03-25 12:21:51,475 [JobControl] INFO  org.apache.hadoop.mapred.JobClient - Creating job's user history location directory at /user/jli21/pythia/Workspaces/SamsMEP/Recommend/Scoring/79/2015-03-12/Decay/recommend_score_cobought_no_smoothing_max_cosine_cobought_transaction_debug_adj_study_scaled_test_5_plus/_logs
2015-03-25 12:21:59,284 [main] INFO  org.apache.pig.backend.hadoop.executionengine.mapReduceLayer.MapReduceLauncher - HadoopJobId: job_201502200135_1197660
2015-03-25 12:21:59,285 [main] INFO  org.apache.pig.backend.hadoop.executionengine.mapReduceLayer.MapReduceLauncher - Processing aliases decile,score,scoreJoin,scoreOut
2015-03-25 12:21:59,285 [main] INFO  org.apache.pig.backend.hadoop.executionengine.mapReduceLayer.MapReduceLauncher - detailed locations: M: decile[17,9],decile[-1,-1],decile[62,9],null[-1,-1],scoreJoin[65,12],score[4,8],score[-1,-1],scoreJoin[65,12] C:  R: scoreOut[67,11]
2015-03-25 12:21:59,285 [main] INFO  org.apache.pig.backend.hadoop.executionengine.mapReduceLayer.MapReduceLauncher - More information at: http://maprfs:50030/jobdetails.jsp?jobid=job_201502200135_1197660
2015-03-25 12:21:59,299 [main] INFO  com.mapr.fs.JobTrackerWatcher - Current running JobTracker is: mapr300.sv.walmartlabs.com/10.93.128.42:9001
2015-03-25 12:22:44,193 [main] INFO  org.apache.pig.backend.hadoop.executionengine.mapReduceLayer.MapReduceLauncher - 5% complete
2015-03-25 12:22:53,672 [main] INFO  org.apache.pig.backend.hadoop.executionengine.mapReduceLayer.MapReduceLauncher - 19% complete
2015-03-25 12:22:59,299 [main] INFO  org.apache.pig.backend.hadoop.executionengine.mapReduceLayer.MapReduceLauncher - 23% complete
2015-03-25 12:23:11,954 [main] INFO  org.apache.pig.backend.hadoop.executionengine.mapReduceLayer.MapReduceLauncher - 31% complete
2015-03-25 12:23:24,272 [main] INFO  org.apache.pig.backend.hadoop.executionengine.mapReduceLayer.MapReduceLauncher - 40% complete
2015-03-25 12:23:38,677 [main] INFO  org.apache.pig.backend.hadoop.executionengine.mapReduceLayer.MapReduceLauncher - 46% complete
2015-03-25 12:23:51,733 [main] INFO  org.apache.pig.backend.hadoop.executionengine.mapReduceLayer.MapReduceLauncher - 49% complete
2015-03-25 12:25:56,867 [main] INFO  org.apache.pig.backend.hadoop.executionengine.mapReduceLayer.MapReduceLauncher - 49% complete
2015-03-25 12:26:13,729 [main] INFO  org.apache.pig.backend.hadoop.executionengine.mapReduceLayer.MapReduceLauncher - 52% complete
2015-03-25 12:26:17,569 [main] INFO  org.apache.pig.backend.hadoop.executionengine.mapReduceLayer.MapReduceLauncher - 54% complete
2015-03-25 12:26:49,565 [main] INFO  org.apache.pig.backend.hadoop.executionengine.mapReduceLayer.MapReduceLauncher - 55% complete
2015-03-25 12:27:04,884 [main] INFO  org.apache.pig.backend.hadoop.executionengine.mapReduceLayer.MapReduceLauncher - 55% complete
2015-03-25 12:27:15,291 [main] INFO  org.apache.pig.backend.hadoop.executionengine.mapReduceLayer.MapReduceLauncher - 56% complete
2015-03-25 12:28:47,962 [main] INFO  org.apache.pig.backend.hadoop.executionengine.mapReduceLayer.MapReduceLauncher - 59% complete
2015-03-25 12:28:58,129 [main] INFO  org.apache.pig.backend.hadoop.executionengine.mapReduceLayer.MapReduceLauncher - 60% complete
2015-03-25 12:29:06,479 [main] INFO  org.apache.pig.backend.hadoop.executionengine.mapReduceLayer.MapReduceLauncher - 61% complete
2015-03-25 12:29:15,969 [main] INFO  org.apache.pig.backend.hadoop.executionengine.mapReduceLayer.MapReduceLauncher - 63% complete
2015-03-25 12:29:56,051 [main] INFO  org.apache.pig.backend.hadoop.executionengine.mapReduceLayer.MapReduceLauncher - 66% complete
2015-03-25 12:30:23,914 [main] INFO  org.apache.pig.backend.hadoop.executionengine.mapReduceLayer.MapReduceLauncher - 68% complete
2015-03-25 12:30:26,174 [main] INFO  org.apache.pig.backend.hadoop.executionengine.mapReduceLayer.MapReduceLauncher - 71% complete
2015-03-25 12:30:27,371 [main] INFO  org.apache.pig.backend.hadoop.executionengine.mapReduceLayer.MapReduceLauncher - 74% complete
2015-03-25 12:30:28,674 [main] INFO  org.apache.pig.backend.hadoop.executionengine.mapReduceLayer.MapReduceLauncher - 76% complete
2015-03-25 12:30:30,994 [main] INFO  org.apache.pig.backend.hadoop.executionengine.mapReduceLayer.MapReduceLauncher - 79% complete
2015-03-25 12:30:35,601 [main] INFO  org.apache.pig.backend.hadoop.executionengine.mapReduceLayer.MapReduceLauncher - 86% complete
2015-03-25 12:30:39,236 [main] INFO  org.apache.pig.backend.hadoop.executionengine.mapReduceLayer.MapReduceLauncher - 89% complete
2015-03-25 12:30:48,957 [main] INFO  org.apache.pig.backend.hadoop.executionengine.mapReduceLayer.MapReduceLauncher - 96% complete
2015-03-25 12:30:51,864 [main] INFO  org.apache.pig.backend.hadoop.executionengine.mapReduceLayer.MapReduceLauncher - 98% complete
2015-03-25 12:31:11,013 [main] INFO  org.apache.pig.backend.hadoop.executionengine.mapReduceLayer.MapReduceLauncher - 99% complete
2015-03-25 12:31:52,382 [main] INFO  org.apache.pig.backend.hadoop.executionengine.mapReduceLayer.MapReduceLauncher - 100% complete
2015-03-25 12:31:52,386 [main] INFO  org.apache.pig.tools.pigstats.SimplePigStats - Script Statistics: 

HadoopVersion	PigVersion	UserId	StartedAt	FinishedAt	Features
1.0.3	0.11.2-mapr	jli21	2015-03-25 12:21:28	2015-03-25 12:31:52	HASH_JOIN,FILTER

Success!

Job Stats (time in seconds):
JobId	Maps	Reduces	MaxMapTime	MinMapTIme	AvgMapTime	MedianMapTime	MaxReduceTime	MinReduceTime	AvgReduceTime	MedianReducetime	Alias	Feature	Outputs
job_201502200135_1197660	279	800	482	25	145	147	322	55	189	162	decile,score,scoreJoin,scoreOut	HASH_JOIN	/user/jli21/pythia/Workspaces/SamsMEP/Recommend/Scoring/79/2015-03-12/Decay/recommend_score_cobought_no_smoothing_max_cosine_cobought_transaction_debug_adj_study_scaled_test_5_plus,

Input(s):
Successfully read 1473856748 records from: "/user/jli21/pythia/Workspaces/SamsMEP/Recommend/Scoring/79/2015-03-12/Decay/recommend_score_cobought_no_smoothing_max_cosine_cobought_transaction_debug_adj_study_scaled_test"
Successfully read 700266 records from: "/user/pythia/Workspaces/SamsMEP/Attrition/May2015FY79_489/pred/2015-03-12/attrition_scores_union"

Output(s):
Successfully stored 587754215 records in: "/user/jli21/pythia/Workspaces/SamsMEP/Recommend/Scoring/79/2015-03-12/Decay/recommend_score_cobought_no_smoothing_max_cosine_cobought_transaction_debug_adj_study_scaled_test_4_minus"

Counters:
Total records written : 587754215
Total bytes written : 0
Spillable Memory Manager spill count : 0
Total bags proactively spilled: 0
Total records proactively spilled: 0

Job DAG:
job_201502200135_1197660


2015-03-25 12:32:02,996 [main] INFO  org.apache.pig.backend.hadoop.executionengine.mapReduceLayer.MapReduceLauncher - Success!
