2014-04-16 17:39:46,105 [main] INFO  org.apache.pig.Main - Apache Pig version 0.11.2-mapr (rexported) compiled Jul 12 2013, 16:59:38
2014-04-16 17:39:46,106 [main] INFO  org.apache.pig.Main - Logging error messages to: /data1/home/jli21/sams/oa_module/preprocess/step4_rewardFiltering/pig_1397695186102.log
2014-04-16 17:39:46,460 [main] INFO  org.apache.pig.impl.util.Utils - Default bootup file /home/jli21/.pigbootup not found
2014-04-16 17:39:46,762 [main] INFO  org.apache.pig.backend.hadoop.executionengine.HExecutionEngine - Connecting to hadoop file system at: maprfs:///
2014-04-16 17:39:46,945 [main] INFO  org.apache.pig.backend.hadoop.executionengine.HExecutionEngine - Connecting to map-reduce job tracker at: maprfs:///
2014-04-16 17:39:48,379 [main] INFO  org.apache.pig.tools.pigstats.ScriptState - Pig features used in the script: HASH_JOIN,DISTINCT,FILTER
2014-04-16 17:39:48,468 [main] INFO  org.apache.pig.newplan.logical.rules.ColumnPruneVisitor - Columns pruned for itemMemberPopularity: $4, $5
2014-04-16 17:39:48,703 [main] INFO  org.apache.pig.backend.hadoop.executionengine.mapReduceLayer.MRCompiler - File concatenation threshold: 100 optimistic? false
2014-04-16 17:39:48,775 [main] INFO  org.apache.pig.backend.hadoop.executionengine.mapReduceLayer.MultiQueryOptimizer - MR plan size before optimization: 2
2014-04-16 17:39:48,775 [main] INFO  org.apache.pig.backend.hadoop.executionengine.mapReduceLayer.MultiQueryOptimizer - MR plan size after optimization: 2
2014-04-16 17:39:48,872 [main] INFO  org.apache.pig.tools.pigstats.ScriptState - Pig script settings are added to the job
2014-04-16 17:39:48,906 [main] INFO  org.apache.pig.backend.hadoop.executionengine.mapReduceLayer.JobControlCompiler - mapred.job.reduce.markreset.buffer.percent is not set, set to default 0.3
2014-04-16 17:39:48,913 [main] INFO  org.apache.pig.backend.hadoop.executionengine.mapReduceLayer.JobControlCompiler - Setting Parallelism to 800
2014-04-16 17:39:48,914 [main] INFO  org.apache.pig.backend.hadoop.executionengine.mapReduceLayer.JobControlCompiler - creating jar file Job2017585681653492693.jar
2014-04-16 17:39:56,337 [main] INFO  org.apache.pig.backend.hadoop.executionengine.mapReduceLayer.JobControlCompiler - jar file Job2017585681653492693.jar created
2014-04-16 17:39:56,369 [main] INFO  org.apache.pig.backend.hadoop.executionengine.mapReduceLayer.JobControlCompiler - Setting up single store job
2014-04-16 17:39:56,380 [main] INFO  org.apache.pig.data.SchemaTupleFrontend - Key [pig.schematuple] is false, will not generate code.
2014-04-16 17:39:56,380 [main] INFO  org.apache.pig.data.SchemaTupleFrontend - Starting process to move generated code to distributed cacche
2014-04-16 17:39:56,381 [main] INFO  org.apache.pig.data.SchemaTupleFrontend - Setting key [pig.schematuple.classes] with classes to deserialize []
2014-04-16 17:39:56,382 [main] INFO  org.apache.pig.backend.hadoop.executionengine.mapReduceLayer.JobControlCompiler - Setting identity combiner class.
2014-04-16 17:39:56,500 [main] INFO  org.apache.pig.backend.hadoop.executionengine.mapReduceLayer.MapReduceLauncher - 1 map-reduce job(s) waiting for submission.
2014-04-16 17:39:56,548 [JobControl] INFO  org.apache.zookeeper.ZooKeeper - Client environment:zookeeper.version=3.3.6--1, built on 09/07/2012 18:16 GMT
2014-04-16 17:39:56,548 [JobControl] INFO  org.apache.zookeeper.ZooKeeper - Client environment:host.name=sg-dev01.sv.walmartlabs.com
2014-04-16 17:39:56,548 [JobControl] INFO  org.apache.zookeeper.ZooKeeper - Client environment:java.version=1.6.0_38
2014-04-16 17:39:56,548 [JobControl] INFO  org.apache.zookeeper.ZooKeeper - Client environment:java.vendor=Sun Microsystems Inc.
2014-04-16 17:39:56,548 [JobControl] INFO  org.apache.zookeeper.ZooKeeper - Client environment:java.home=/usr/java/jdk1.6.0_38/jre
2014-04-16 17:39:56,548 [JobControl] INFO  org.apache.zookeeper.ZooKeeper - Client environment:java.class.path=/opt/mapr/hadoop/hadoop-0.20.2/bin/../conf:/usr/java/default/lib/tools.jar:/data1/opt/mapr/pig/pig-0.11.2/bin/../conf:/usr/java/default/lib/tools.jar:/data1/opt/mapr/pig/pig-0.11.2/bin/../lib/sdsuLibJKD12.jar:/data1/opt/mapr/pig/pig-0.11.2/bin/../pig-withouthadoop.jar::/usr/local/bfd/lib/hadoop/jackson-mapper-asl-1.9.2.jar:/usr/local/bfd/lib/hadoop/jackson-core-asl-1.9.2.jar:/usr/local/bfd/lib/hadoop/hadoop-snappy-0.0.1-walmart.jar:/opt/hadoopgpl/lib/hadoop-lzo.jar:/usr/local/bfd-hadoop-common/lib/bfd-hadoop-util-0.1-SNAPSHOT.jar:/opt/mapr/hadoop/hadoop-0.20.2/bin/..:/opt/mapr/hadoop/hadoop-0.20.2/bin/../hadoop*core*.jar:/opt/mapr/hadoop/hadoop-0.20.2/bin/../lib/amazon-s3.jar:/opt/mapr/hadoop/hadoop-0.20.2/bin/../lib/asm-3.2.jar:/opt/mapr/hadoop/hadoop-0.20.2/bin/../lib/aspectjrt-1.6.5.jar:/opt/mapr/hadoop/hadoop-0.20.2/bin/../lib/aspectjtools-1.6.5.jar:/opt/mapr/hadoop/hadoop-0.20.2/bin/../lib/aws-java-sdk-1.3.26.jar:/opt/mapr/hadoop/hadoop-0.20.2/bin/../lib/commons-cli-1.2.jar:/opt/mapr/hadoop/hadoop-0.20.2/bin/../lib/commons-codec-1.5.jar:/opt/mapr/hadoop/hadoop-0.20.2/bin/../lib/commons-configuration-1.8.jar:/opt/mapr/hadoop/hadoop-0.20.2/bin/../lib/commons-daemon-1.0.1.jar:/opt/mapr/hadoop/hadoop-0.20.2/bin/../lib/commons-el-1.0.jar:/opt/mapr/hadoop/hadoop-0.20.2/bin/../lib/commons-httpclient-3.0.1.jar:/opt/mapr/hadoop/hadoop-0.20.2/bin/../lib/commons-httpclient-3.1.jar:/opt/mapr/hadoop/hadoop-0.20.2/bin/../lib/commons-lang-2.6.jar:/opt/mapr/hadoop/hadoop-0.20.2/bin/../lib/commons-logging-1.0.4.jar:/opt/mapr/hadoop/hadoop-0.20.2/bin/../lib/commons-logging-1.1.1.jar:/opt/mapr/hadoop/hadoop-0.20.2/bin/../lib/commons-logging-api-1.0.4.jar:/opt/mapr/hadoop/hadoop-0.20.2/bin/../lib/commons-math-2.1.jar:/opt/mapr/hadoop/hadoop-0.20.2/bin/../lib/commons-net-1.4.1.jar:/opt/mapr/hadoop/hadoop-0.20.2/bin/../lib/commons-net-3.1.jar:/opt/mapr/hadoop/hadoop-0.20.2/bin/../lib/core-3.1.1.jar:/opt/mapr/hadoop/hadoop-0.20.2/bin/../lib/emr-metrics-1.0.jar:/opt/mapr/hadoop/hadoop-0.20.2/bin/../lib/eval-0.5.jar:/opt/mapr/hadoop/hadoop-0.20.2/bin/../lib/gson-1.4.jar:/opt/mapr/hadoop/hadoop-0.20.2/bin/../lib/guava-13.0.1.jar:/opt/mapr/hadoop/hadoop-0.20.2/bin/../lib/hadoop-0.20.2-dev-capacity-scheduler.jar:/opt/mapr/hadoop/hadoop-0.20.2/bin/../lib/hadoop-0.20.2-dev-core.jar:/opt/mapr/hadoop/hadoop-0.20.2/bin/../lib/hadoop-0.20.2-dev-fairscheduler.jar:/opt/mapr/hadoop/hadoop-0.20.2/bin/../lib/hsqldb-1.8.0.10.jar:/opt/mapr/hadoop/hadoop-0.20.2/bin/../lib/httpclient-4.1.1.jar:/opt/mapr/hadoop/hadoop-0.20.2/bin/../lib/httpcore-4.1.jar:/opt/mapr/hadoop/hadoop-0.20.2/bin/../lib/jackson-core-asl-1.5.2.jar:/opt/mapr/hadoop/hadoop-0.20.2/bin/../lib/jackson-mapper-asl-1.5.2.jar:/opt/mapr/hadoop/hadoop-0.20.2/bin/../lib/jasper-compiler-5.5.12.jar:/opt/mapr/hadoop/hadoop-0.20.2/bin/../lib/jasper-runtime-5.5.12.jar:/opt/mapr/hadoop/hadoop-0.20.2/bin/../lib/jersey-core-1.8.jar:/opt/mapr/hadoop/hadoop-0.20.2/bin/../lib/jersey-json-1.8.jar:/opt/mapr/hadoop/hadoop-0.20.2/bin/../lib/jersey-server-1.8.jar:/opt/mapr/hadoop/hadoop-0.20.2/bin/../lib/jets3t-0.6.1.jar:/opt/mapr/hadoop/hadoop-0.20.2/bin/../lib/jetty-6.1.26.jar:/opt/mapr/hadoop/hadoop-0.20.2/bin/../lib/jetty-servlet-tester-6.1.26.jar:/opt/mapr/hadoop/hadoop-0.20.2/bin/../lib/jetty-util-6.1.26.jar:/opt/mapr/hadoop/hadoop-0.20.2/bin/../lib/junit-4.5.jar:/opt/mapr/hadoop/hadoop-0.20.2/bin/../lib/kfs-0.2.2.jar:/opt/mapr/hadoop/hadoop-0.20.2/bin/../lib/log4j-1.2.15.jar:/opt/mapr/hadoop/hadoop-0.20.2/bin/../lib/logging-0.1.jar:/opt/mapr/hadoop/hadoop-0.20.2/bin/../lib/maprfs-1.0.3-mapr-2.1.3.2.jar:/opt/mapr/hadoop/hadoop-0.20.2/bin/../lib/maprfs-diagnostic-tools-1.0.3-mapr-2.1.3.2.jar:/opt/mapr/hadoop/hadoop-0.20.2/bin/../lib/mockito-all-1.8.2.jar:/opt/mapr/hadoop/hadoop-0.20.2/bin/../lib/mockito-all-1.8.5.jar:/opt/mapr/hadoop/hadoop-0.20.2/bin/../lib/mysql-connector-java-5.0.8-bin.jar:/opt/mapr/hadoop/hadoop-0.20.2/bin/../lib/oro-2.0.8.jar:/opt/mapr/hadoop/hadoop-0.20.2/bin/../lib/protobuf-java-2.4.1.jar:/opt/mapr/hadoop/hadoop-0.20.2/bin/../lib/servlet-api-2.5-20081211.jar:/opt/mapr/hadoop/hadoop-0.20.2/bin/../lib/servlet-api-2.5-6.1.14.jar:/opt/mapr/hadoop/hadoop-0.20.2/bin/../lib/slf4j-api-1.4.3.jar:/opt/mapr/hadoop/hadoop-0.20.2/bin/../lib/slf4j-log4j12-1.4.3.jar:/opt/mapr/hadoop/hadoop-0.20.2/bin/../lib/xmlenc-0.52.jar:/opt/mapr/hadoop/hadoop-0.20.2/bin/../lib/zookeeper-3.3.6.jar:/opt/mapr/hadoop/hadoop-0.20.2/bin/../lib/jsp-2.1/jsp-2.1.jar:/opt/mapr/hadoop/hadoop-0.20.2/bin/../lib/jsp-2.1/jsp-api-2.1.jar
2014-04-16 17:39:56,549 [JobControl] INFO  org.apache.zookeeper.ZooKeeper - Client environment:java.library.path=/opt/hadoopgpl/native/Linux-amd64-64:/usr/local/bfd/lib/hadoop/native/Linux-amd64-64:/opt/mapr/hadoop/hadoop-0.20.2/bin/../lib/native/Linux-amd64-64::/usr/lib64
2014-04-16 17:39:56,549 [JobControl] INFO  org.apache.zookeeper.ZooKeeper - Client environment:java.io.tmpdir=/tmp
2014-04-16 17:39:56,549 [JobControl] INFO  org.apache.zookeeper.ZooKeeper - Client environment:java.compiler=<NA>
2014-04-16 17:39:56,549 [JobControl] INFO  org.apache.zookeeper.ZooKeeper - Client environment:os.name=Linux
2014-04-16 17:39:56,549 [JobControl] INFO  org.apache.zookeeper.ZooKeeper - Client environment:os.arch=amd64
2014-04-16 17:39:56,549 [JobControl] INFO  org.apache.zookeeper.ZooKeeper - Client environment:os.version=2.6.32-358.6.2.el6.x86_64
2014-04-16 17:39:56,549 [JobControl] INFO  org.apache.zookeeper.ZooKeeper - Client environment:user.name=jli21
2014-04-16 17:39:56,549 [JobControl] INFO  org.apache.zookeeper.ZooKeeper - Client environment:user.home=/home/jli21
2014-04-16 17:39:56,549 [JobControl] INFO  org.apache.zookeeper.ZooKeeper - Client environment:user.dir=/data1/home/jli21/sams/oa_module/preprocess/step4_rewardFiltering
2014-04-16 17:39:56,551 [JobControl] INFO  org.apache.zookeeper.ZooKeeper - Initiating client connection, connectString=mapr010:5181,mapr020:5181,mapr030:5181 sessionTimeout=30000 watcher=com.mapr.fs.JobTrackerWatcher@79f7abae
2014-04-16 17:39:56,623 [JobControl-SendThread()] INFO  org.apache.zookeeper.ClientCnxn - Opening socket connection to server mapr030/10.93.128.130:5181
2014-04-16 17:39:56,646 [JobControl-SendThread(mapr030:5181)] INFO  org.apache.zookeeper.ClientCnxn - Socket connection established to mapr030/10.93.128.130:5181, initiating session
2014-04-16 17:39:56,675 [JobControl-SendThread(mapr030:5181)] INFO  org.apache.zookeeper.ClientCnxn - Session establishment complete on server mapr030/10.93.128.130:5181, sessionid = 0x244f6953ea8f427, negotiated timeout = 30000
2014-04-16 17:39:56,773 [JobControl] INFO  com.mapr.fs.JobTrackerWatcher - Current running JobTracker is: mapr010.sv.walmartlabs.com/10.93.128.110:9001
2014-04-16 17:39:57,003 [main] INFO  org.apache.pig.backend.hadoop.executionengine.mapReduceLayer.MapReduceLauncher - 0% complete
2014-04-16 17:39:57,546 [JobControl] INFO  org.apache.hadoop.mapreduce.lib.input.FileInputFormat - Total input paths to process : 800
2014-04-16 17:39:57,546 [JobControl] INFO  org.apache.pig.backend.hadoop.executionengine.util.MapRedUtil - Total input paths to process : 800
2014-04-16 17:39:59,000 [JobControl] INFO  org.apache.pig.backend.hadoop.executionengine.util.MapRedUtil - Total input paths (combined) to process : 9
2014-04-16 17:39:59,885 [JobControl] INFO  org.apache.hadoop.mapred.JobClient - Creating job's output directory at maprfs:/tmp/temp-1839644123/tmp431423197
2014-04-16 17:39:59,895 [JobControl] INFO  org.apache.hadoop.mapred.JobClient - Creating job's user history location directory at maprfs:/tmp/temp-1839644123/tmp431423197/_logs
2014-04-16 17:40:01,480 [main] INFO  org.apache.pig.backend.hadoop.executionengine.mapReduceLayer.MapReduceLauncher - HadoopJobId: job_201404020303_343586
2014-04-16 17:40:01,480 [main] INFO  org.apache.pig.backend.hadoop.executionengine.mapReduceLayer.MapReduceLauncher - Processing aliases itemMemberPopularity,subcatMember
2014-04-16 17:40:01,480 [main] INFO  org.apache.pig.backend.hadoop.executionengine.mapReduceLayer.MapReduceLauncher - detailed locations: M: itemMemberPopularity[16,23],subcatMember[-1,-1] C:  R: 
2014-04-16 17:40:01,481 [main] INFO  org.apache.pig.backend.hadoop.executionengine.mapReduceLayer.MapReduceLauncher - More information at: http://maprfs:50030/jobdetails.jsp?jobid=job_201404020303_343586
2014-04-16 17:40:01,496 [main] INFO  com.mapr.fs.JobTrackerWatcher - Current running JobTracker is: mapr010.sv.walmartlabs.com/10.93.128.110:9001
2014-04-16 17:40:21,673 [main] INFO  org.apache.pig.backend.hadoop.executionengine.mapReduceLayer.MapReduceLauncher - 4% complete
2014-04-16 17:40:22,223 [main] INFO  org.apache.pig.backend.hadoop.executionengine.mapReduceLayer.MapReduceLauncher - 5% complete
2014-04-16 17:40:27,816 [main] INFO  org.apache.pig.backend.hadoop.executionengine.mapReduceLayer.MapReduceLauncher - 10% complete
2014-04-16 17:40:28,935 [main] INFO  org.apache.pig.backend.hadoop.executionengine.mapReduceLayer.MapReduceLauncher - 11% complete
2014-04-16 17:40:41,111 [main] INFO  org.apache.pig.backend.hadoop.executionengine.mapReduceLayer.MapReduceLauncher - 19% complete
2014-04-16 17:41:01,314 [main] INFO  org.apache.pig.backend.hadoop.executionengine.mapReduceLayer.MapReduceLauncher - 25% complete
2014-04-16 17:41:07,074 [main] INFO  org.apache.pig.backend.hadoop.executionengine.mapReduceLayer.MapReduceLauncher - 25% complete
2014-04-16 17:41:30,749 [main] INFO  org.apache.pig.backend.hadoop.executionengine.mapReduceLayer.MapReduceLauncher - 43% complete
2014-04-16 17:41:31,783 [main] INFO  org.apache.pig.backend.hadoop.executionengine.mapReduceLayer.MapReduceLauncher - 49% complete
2014-04-16 17:41:39,677 [main] INFO  org.apache.pig.tools.pigstats.ScriptState - Pig script settings are added to the job
2014-04-16 17:41:39,684 [main] INFO  org.apache.pig.backend.hadoop.executionengine.mapReduceLayer.JobControlCompiler - mapred.job.reduce.markreset.buffer.percent is not set, set to default 0.3
2014-04-16 17:41:39,686 [main] INFO  org.apache.pig.backend.hadoop.executionengine.mapReduceLayer.JobControlCompiler - Setting Parallelism to 800
2014-04-16 17:41:39,686 [main] INFO  org.apache.pig.backend.hadoop.executionengine.mapReduceLayer.JobControlCompiler - creating jar file Job1742842920552292485.jar
2014-04-16 17:41:46,808 [main] INFO  org.apache.pig.backend.hadoop.executionengine.mapReduceLayer.JobControlCompiler - jar file Job1742842920552292485.jar created
2014-04-16 17:41:46,826 [main] INFO  org.apache.pig.backend.hadoop.executionengine.mapReduceLayer.JobControlCompiler - Setting up single store job
2014-04-16 17:41:46,832 [main] INFO  org.apache.pig.data.SchemaTupleFrontend - Key [pig.schematuple] is false, will not generate code.
2014-04-16 17:41:46,833 [main] INFO  org.apache.pig.data.SchemaTupleFrontend - Starting process to move generated code to distributed cacche
2014-04-16 17:41:46,833 [main] INFO  org.apache.pig.data.SchemaTupleFrontend - Setting key [pig.schematuple.classes] with classes to deserialize []
2014-04-16 17:41:46,926 [main] INFO  org.apache.pig.backend.hadoop.executionengine.mapReduceLayer.MapReduceLauncher - 1 map-reduce job(s) waiting for submission.
2014-04-16 17:41:46,941 [JobControl] INFO  com.mapr.fs.JobTrackerWatcher - Current running JobTracker is: mapr010.sv.walmartlabs.com/10.93.128.110:9001
2014-04-16 17:41:47,199 [JobControl] INFO  org.apache.hadoop.mapreduce.lib.input.FileInputFormat - Total input paths to process : 40
2014-04-16 17:41:47,199 [JobControl] INFO  org.apache.pig.backend.hadoop.executionengine.util.MapRedUtil - Total input paths to process : 40
2014-04-16 17:41:47,261 [JobControl] INFO  org.apache.pig.backend.hadoop.executionengine.util.MapRedUtil - Total input paths (combined) to process : 20
2014-04-16 17:41:47,565 [JobControl] INFO  org.apache.hadoop.mapreduce.lib.input.FileInputFormat - Total input paths to process : 800
2014-04-16 17:41:47,565 [JobControl] INFO  org.apache.pig.backend.hadoop.executionengine.util.MapRedUtil - Total input paths to process : 800
2014-04-16 17:41:48,643 [JobControl] INFO  org.apache.pig.backend.hadoop.executionengine.util.MapRedUtil - Total input paths (combined) to process : 5
2014-04-16 17:41:48,921 [JobControl] INFO  org.apache.hadoop.mapred.JobClient - Creating job's output directory at /user/pythia/Workspaces/SamsMEP/pis_member_subcat_item_coupon_score_final/campaign_month=Apr2014-gec
2014-04-16 17:41:48,957 [JobControl] INFO  org.apache.hadoop.mapred.JobClient - Creating job's user history location directory at /user/pythia/Workspaces/SamsMEP/pis_member_subcat_item_coupon_score_final/campaign_month=Apr2014-gec/_logs
2014-04-16 17:41:49,815 [main] INFO  org.apache.pig.backend.hadoop.executionengine.mapReduceLayer.MapReduceLauncher - HadoopJobId: job_201404020303_343646
2014-04-16 17:41:49,815 [main] INFO  org.apache.pig.backend.hadoop.executionengine.mapReduceLayer.MapReduceLauncher - Processing aliases score,scoreFlt,scoreFlt1,scoreJoin
2014-04-16 17:41:49,815 [main] INFO  org.apache.pig.backend.hadoop.executionengine.mapReduceLayer.MapReduceLauncher - detailed locations: M: score[5,8],score[-1,-1],scoreJoin[32,12],scoreJoin[32,12] C:  R: scoreJoin[32,12],null[-1,-1],scoreFlt[34,11],scoreFlt1[36,12]
2014-04-16 17:41:49,815 [main] INFO  org.apache.pig.backend.hadoop.executionengine.mapReduceLayer.MapReduceLauncher - More information at: http://maprfs:50030/jobdetails.jsp?jobid=job_201404020303_343646
2014-04-16 17:42:36,012 [main] INFO  org.apache.pig.backend.hadoop.executionengine.mapReduceLayer.MapReduceLauncher - 64% complete
2014-04-16 17:42:41,189 [main] INFO  org.apache.pig.backend.hadoop.executionengine.mapReduceLayer.MapReduceLauncher - 66% complete
2014-04-16 17:43:09,907 [main] INFO  org.apache.pig.backend.hadoop.executionengine.mapReduceLayer.MapReduceLauncher - 74% complete
2014-04-16 17:43:25,510 [main] INFO  org.apache.pig.backend.hadoop.executionengine.mapReduceLayer.MapReduceLauncher - 74% complete
2014-04-16 17:43:45,653 [main] INFO  org.apache.pig.backend.hadoop.executionengine.mapReduceLayer.MapReduceLauncher - 74% complete
2014-04-16 17:44:16,892 [main] INFO  org.apache.pig.backend.hadoop.executionengine.mapReduceLayer.MapReduceLauncher - 74% complete
2014-04-16 17:44:28,044 [main] INFO  org.apache.pig.backend.hadoop.executionengine.mapReduceLayer.MapReduceLauncher - 74% complete
2014-04-16 17:45:01,848 [main] INFO  org.apache.pig.backend.hadoop.executionengine.mapReduceLayer.MapReduceLauncher - 78% complete
2014-04-16 17:45:06,533 [main] INFO  org.apache.pig.backend.hadoop.executionengine.mapReduceLayer.MapReduceLauncher - 86% complete
2014-04-16 17:45:12,233 [main] INFO  org.apache.pig.backend.hadoop.executionengine.mapReduceLayer.MapReduceLauncher - 96% complete
2014-04-16 17:45:14,463 [main] INFO  org.apache.pig.backend.hadoop.executionengine.mapReduceLayer.MapReduceLauncher - 99% complete
2014-04-16 17:45:25,434 [main] INFO  org.apache.pig.backend.hadoop.executionengine.mapReduceLayer.MapReduceLauncher - 100% complete
2014-04-16 17:45:25,439 [main] INFO  org.apache.pig.tools.pigstats.SimplePigStats - Script Statistics: 

HadoopVersion	PigVersion	UserId	StartedAt	FinishedAt	Features
1.0.3	0.11.2-mapr	jli21	2014-04-16 17:39:48	2014-04-16 17:45:25	HASH_JOIN,DISTINCT,FILTER

Success!

Job Stats (time in seconds):
JobId	Maps	Reduces	MaxMapTime	MinMapTIme	AvgMapTime	MedianMapTime	MaxReduceTime	MinReduceTime	AvgReduceTime	MedianReducetime	Alias	Feature	Outputs
job_201404020303_343586	9	800	65	14	50	54	19	6	13	13	itemMemberPopularity,subcatMember	DISTINCT	
job_201404020303_343646	25	800	170	20	108	116	32	12	24	24	score,scoreFlt,scoreFlt1,scoreJoin	HASH_JOIN	/user/pythia/Workspaces/SamsMEP/pis_member_subcat_item_coupon_score_final/campaign_month=Apr2014-gec,

Input(s):
Successfully read 27717878 records from: "/user/pythia/Workspaces/SamsMEP/subcatItemPref/member/ds=2014-04-14"
Successfully read 84743057 records from: "/user/pythia/Workspaces/SamsMEP/pis_member_subcat_item_coupon_score/campaign_month=Apr2014-gec"

Output(s):
Successfully stored 84682829 records in: "/user/pythia/Workspaces/SamsMEP/pis_member_subcat_item_coupon_score_final/campaign_month=Apr2014-gec"

Counters:
Total records written : 84682829
Total bytes written : 0
Spillable Memory Manager spill count : 0
Total bags proactively spilled: 0
Total records proactively spilled: 0

Job DAG:
job_201404020303_343586	->	job_201404020303_343646,
job_201404020303_343646


2014-04-16 17:45:30,505 [main] INFO  org.apache.pig.backend.hadoop.executionengine.mapReduceLayer.MapReduceLauncher - Success!
