100002104_11_0001-01-01 46368
100002476_11_0001-01-01 46372
100004712_10_0001-01-01 46367
100006709_12_0001-01-01 46363
100014455_11_0001-01-01 46364
100021302_11_0001-01-01 46357
100023498_11_0001-01-01 46361
100024454_10_0001-01-01 46350
100025568_10_0001-01-01 46332
100025923_10_0001-01-01 46325
100026095_10_0001-01-01 46363
100027655_11_0001-01-01 46366
100033059_10_0001-01-01 46335
100035674_10_0001-01-01 46335
100045657_10_0001-01-01 46371
100046689_11_0001-01-01 46339
100053115_10_0001-01-01 46376
100054170_11_0001-01-01 46345
100063809_10_0001-01-01 46370
100069723_10_0001-01-01 46376
100070184_11_0001-01-01 46360
100074939_11_0001-01-01 46336
100075415_10_0001-01-01 46358
100076389_10_0001-01-01 46376
100082692_10_0001-01-01 46342
100088954_10_0001-01-01 46353
100097609_11_0001-01-01 46367
100098201_10_0001-01-01 46361
100100320_14_0001-01-01 46365
100101138_10_0001-01-01 46365
100101187_10_0001-01-01 46368
100102052_10_0001-01-01 46297
100108109_10_0001-01-01 46326
100108158_10_0001-01-01 46354
100112556_10_0001-01-01 46350
100118793_10_0001-01-01 46336
100123462_10_0001-01-01 46371
100125020_12_0001-01-01 46294
100125087_11_0001-01-01 46295
100125830_11_0001-01-01 46362
100132836_11_0001-01-01 46348
100135045_11_0001-01-01 46368
100135045_11_0001-01-01 46335
100138361_11_0001-01-01 46328
100140953_11_0001-01-01 46326
100143056_10_0001-01-01 46376
100146760_10_0001-01-01 46345
100151836_10_0001-01-01 46299
100154814_11_0001-01-01 46345
100158773_13_0001-01-01 46330
100158906_11_0001-01-01 46364
100161819_10_0001-01-01 46322
100162817_10_0001-01-01 46341
100165307_10_0001-01-01 46298
100167949_10_0001-01-01 46374
100174200_11_0001-01-01 46341
100180280_14_0001-01-01 46340
100184688_10_0001-01-01 46297
100191618_11_0001-01-01 46348
100192590_11_0001-01-01 46367
100192848_10_0001-01-01 46325
100193622_11_0001-01-01 46354
100196021_11_0001-01-01 46365
100206432_11_0001-01-01 46348
100209055_12_0001-01-01 46344
100210343_11_0001-01-01 46364
100210699_10_0001-01-01 46351
100214147_13_0001-01-01 46330
100215086_12_0001-01-01 46336
100217272_11_0001-01-01 46370
100218924_10_0001-01-01 46333
100219393_11_0001-01-01 46331
100221514_11_0001-01-01 46354
100223668_10_0001-01-01 46325
100223817_11_0001-01-01 46342
100224864_10_0001-01-01 46365
100225135_11_0001-01-01 46333
100226919_10_0001-01-01 46298
100229954_12_0001-01-01 46359
100230515_10_0001-01-01 46373
100239474_10_0001-01-01 46325
100267913_10_0001-01-01 46355
100268069_11_0001-01-01 46370
100272319_10_0001-01-01 46343
10027415_11_0001-01-01 46362
100278753_17_0001-01-01 46342
100285139_10_0001-01-01 46353
100286210_10_0001-01-01 46350
100297548_10_0001-01-01 46353
100299205_10_0001-01-01 46333
100307388_11_0001-01-01 46358
100309350_11_0001-01-01 46296
100309384_10_0001-01-01 46365
100309616_12_0001-01-01 46296
100313444_10_0001-01-01 46359
100313873_10_0001-01-01 46340
100314301_10_0001-01-01 46322
10032258_12_0001-01-01 46361
100328053_13_0001-01-01 46338
100331297_10_0001-01-01 46328
100331511_10_0001-01-01 46358
100335249_13_0001-01-01 46369
100336528_11_0001-01-01 46350
100340918_10_0001-01-01 46353
100346717_11_0001-01-01 46338
100347327_10_0001-01-01 46294
100347780_10_0001-01-01 46329
100351170_10_0001-01-01 46372
100351998_10_0001-01-01 46348
100353101_10_0001-01-01 46350
100353275_11_0001-01-01 46325
100353374_10_0001-01-01 46370
100354406_10_0001-01-01 46352
100358043_10_0001-01-01 46360
100361104_11_0001-01-01 46347
100364389_10_0001-01-01 46334
100366251_10_0001-01-01 46344
100366368_11_0001-01-01 46299
100370212_10_0001-01-01 46298
100376169_10_0001-01-01 46372
100381722_11_0001-01-01 46321
100382241_10_0001-01-01 46369
100382894_10_0001-01-01 46362
10038305_11_0001-01-01 46372
100390012_14_0001-01-01 46331
100441237_11_0001-01-01 46298
100442029_11_0001-01-01 46371
100442144_10_0001-01-01 46335
100445394_10_0001-01-01 46366
100447416_11_0001-01-01 46352
100447689_10_0001-01-01 46342
100450501_10_0001-01-01 46322
100452119_10_0001-01-01 46353
100457068_10_0001-01-01 46361
100461151_11_0001-01-01 46349
100468479_10_0001-01-01 46353
100469899_10_0001-01-01 46333
100471598_11_0001-01-01 46354
100472836_11_0001-01-01 46369
10047355_10_0001-01-01 46356
100484039_11_0001-01-01 46294
100495365_10_0001-01-01 46332
100498328_10_0001-01-01 46355
100506849_10_0001-01-01 46361
100511500_10_0001-01-01 46355
100512698_11_0001-01-01 46359
100513217_11_0001-01-01 46328
100515311_11_0001-01-01 46349
100517093_10_0001-01-01 46299
100517432_11_0001-01-01 46364
100530302_16_0001-01-01 46326
100531045_13_0001-01-01 46331
100554088_11_0001-01-01 46355
100561190_11_0001-01-01 46354
100573260_11_0001-01-01 46341
100589365_10_0001-01-01 46371
100589811_11_0001-01-01 46357
100592591_11_0001-01-01 46330
100592971_10_0001-01-01 46366
100593474_10_0001-01-01 46339
100604057_10_0001-01-01 46322
100621010_10_0001-01-01 46334
100626860_12_0001-01-01 46336
100629336_11_0001-01-01 46298
100630060_11_0001-01-01 46357
100630540_12_0001-01-01 46339
100630821_10_0001-01-01 46373
100635135_10_0001-01-01 46354
100636158_10_0001-01-01 46372
100637727_10_0001-01-01 46357
100642305_14_0001-01-01 46336
100645936_10_0001-01-01 46353
100647742_11_0001-01-01 46358
100654151_13_0001-01-01 46350
100659564_11_0001-01-01 46352
10066793_10_0001-01-01 46297
10066892_10_0001-01-01 46344
100670215_13_0001-01-01 46352
100671593_10_0001-01-01 46367
100677509_10_0001-01-01 46333
100683986_10_0001-01-01 46371
100684497_10_0001-01-01 46352
100685288_12_0001-01-01 46337
100686799_10_0001-01-01 46369
10069185_12_0001-01-01 46362
100704451_10_0001-01-01 46374
100707256_12_0001-01-01 46358
100707751_13_0001-01-01 46345
100709740_10_0001-01-01 46366
10071041_10_0001-01-01 46336
100711340_13_0001-01-01 46360
10071157_11_0001-01-01 46351
100712744_11_0001-01-01 46339
100715275_10_0001-01-01 46360
100716307_10_0001-01-01 46331
100717578_11_0001-01-01 46329
100721695_12_0001-01-01 46367
10073450_10_0001-01-01 46361
100736941_10_0001-01-01 46355
100744002_12_0001-01-01 46361
100747302_10_0001-01-01 46341
100752468_10_0001-01-01 46342
100756956_10_0001-01-01 46343
100759448_10_0001-01-01 46339
10075968_10_0001-01-01 46358
100764026_10_0001-01-01 46343
100764927_10_0001-01-01 46337
100765999_11_0001-01-01 46373
100766096_12_0001-01-01 46359
100770866_11_0001-01-01 46295
100777051_13_0001-01-01 46344
100781673_11_0001-01-01 46350
100782705_11_0001-01-01 46331
100789817_10_0001-01-01 46360
10079291_11_0001-01-01 46359
100793447_10_0001-01-01 46347
100794106_11_0001-01-01 46362
100794106_11_0001-01-01 46352
100802487_10_0001-01-01 46334
100803212_10_0001-01-01 46345
100806967_10_0001-01-01 46372
100809136_10_0001-01-01 46345
100810670_11_0001-01-01 46371
100811264_10_0001-01-01 46330
10081842_12_0001-01-01 46325
100818814_10_0001-01-01 46332
100828904_16_0001-01-01 46329
100831940_10_0001-01-01 46353
10083772_10_0001-01-01 46373
100846492_10_0001-01-01 46360
100848647_11_0001-01-01 46373
100853316_11_0001-01-01 46336
100864032_12_0001-01-01 46334
100864388_12_0001-01-01 46339
100865682_10_0001-01-01 46343
10087120_10_0001-01-01 46355
100879725_10_0001-01-01 46351
100881911_10_0001-01-01 46362
100883495_11_0001-01-01 46321
100889880_11_0001-01-01 46296
100892231_10_0001-01-01 46349
100899897_10_0001-01-01 46340
100901289_10_0001-01-01 46335
100902493_10_0001-01-01 46357
100911106_12_0001-01-01 46356
100915289_11_0001-01-01 46349
100917129_12_0001-01-01 46335
100925825_11_0001-01-01 46367
100926633_10_0001-01-01 46328
100927144_10_0001-01-01 46343
100929264_11_0001-01-01 46356
1009323_14_0001-01-01 46354
100934777_10_0001-01-01 46364
100935212_14_0001-01-01 46322
100936228_10_0001-01-01 46329
100945823_10_0001-01-01 46368
100960087_10_0001-01-01 46367
100961515_13_0001-01-01 46343
100965284_10_0001-01-01 46369
100971878_10_0001-01-01 46359
100973890_10_0001-01-01 46294
100976687_12_0001-01-01 46341
100978618_10_0001-01-01 46326
100979640_10_0001-01-01 46349
100981778_10_0001-01-01 46349
100985696_10_0001-01-01 46343
100993898_10_0001-01-01 46352
100998533_14_0001-01-01 46351
100999341_11_0001-01-01 46351
101001816_14_0001-01-01 46343
101004539_11_0001-01-01 46328
101009686_11_0001-01-01 46337
101015493_12_0001-01-01 46342
10102044_10_0001-01-01 46370
1010305_10_0001-01-01 46328
101033603_10_0001-01-01 46347
101037935_12_0001-01-01 46372
101038941_10_0001-01-01 46376
101040624_11_0001-01-01 46332
101047348_10_0001-01-01 46337
101048320_10_0001-01-01 46374
101049989_10_0001-01-01 46333
101050607_10_0001-01-01 46369
1010511_10_0001-01-01 46360
101051340_10_0001-01-01 46295
101052355_10_0001-01-01 46373
101053882_13_0001-01-01 46343
101055432_10_0001-01-01 46328
101055838_10_0001-01-01 46367
101061273_11_0001-01-01 46333
101072908_10_0001-01-01 46347
101073948_10_0001-01-01 46368
101075638_11_0001-01-01 46332
101075752_11_0001-01-01 46332
101077576_14_0001-01-01 46374
101080521_12_0001-01-01 46372
10108439_10_0001-01-01 46357
101084556_11_0001-01-01 46329
10108652_10_0001-01-01 46296
101086932_11_0001-01-01 46297
101087369_10_0001-01-01 46374
101099240_10_0001-01-01 46373
101100832_10_0001-01-01 46337
101102978_12_0001-01-01 46365
101106375_10_0001-01-01 46366
101119949_10_0001-01-01 46332
101120681_10_0001-01-01 46325
101130821_10_0001-01-01 46336
101130821_10_0001-01-01 46368
101132371_11_0001-01-01 46363
101136281_12_0001-01-01 46341
101142982_10_0001-01-01 46294
101143378_11_0001-01-01 46369
101144491_10_0001-01-01 46295
101146280_11_0001-01-01 46297
10114791_10_0001-01-01 46352
101156297_10_0001-01-01 46343
101158277_12_0001-01-01 46355
10116077_10_0001-01-01 46376
101160976_10_0001-01-01 46373
101163988_14_0001-01-01 46297
101164069_10_0001-01-01 46356
101164630_10_0001-01-01 46372
101167559_10_0001-01-01 46329
101167898_11_0001-01-01 46340
101169191_10_0001-01-01 46342
101169332_10_0001-01-01 46348
101174159_10_0001-01-01 46328
101174555_12_0001-01-01 46337
101180255_10_0001-01-01 46298
101180701_11_0001-01-01 46299
101182491_10_0001-01-01 46371
101185130_10_0001-01-01 46326
101186674_10_0001-01-01 46299
101188944_11_0001-01-01 46344
101197382_11_0001-01-01 46322
101199511_10_0001-01-01 46326
101201887_11_0001-01-01 46322
101208189_12_0001-01-01 46349
101210425_11_0001-01-01 46294
101211415_10_0001-01-01 46370
101217594_10_0001-01-01 46358
101218782_12_0001-01-01 46361
101221018_12_0001-01-01 46329
101221554_10_0001-01-01 46295
101222248_10_0001-01-01 46345
101226686_10_0001-01-01 46356
101228021_10_0001-01-01 46364
101232171_10_0001-01-01 46330
101234003_10_0001-01-01 46326
10123628_11_0001-01-01 46355
101250140_10_0001-01-01 46369
101257988_11_0001-01-01 46369
101266302_10_0001-01-01 46295
101272441_11_0001-01-01 46360
101274678_10_0001-01-01 46365
101277077_10_0001-01-01 46349
101277374_10_0001-01-01 46361
101287514_10_0001-01-01 46321
101290617_11_0001-01-01 46331
101292423_12_0001-01-01 46350
101293314_10_0001-01-01 46337
101294148_10_0001-01-01 46333
101296051_10_0001-01-01 46297
101300044_10_0001-01-01 46341
101304053_10_0001-01-01 46356
10130581_12_0001-01-01 46348
101306579_11_0001-01-01 46363
101314656_10_0001-01-01 46352
101316545_10_0001-01-01 46321
101318962_10_0001-01-01 46348
101319192_11_0001-01-01 46353
101320109_10_0001-01-01 46366
101320109_10_0001-01-01 46367
101321024_10_0001-01-01 46363
101324606_12_0001-01-01 46334
101331544_13_0001-01-01 46359
101333482_11_0001-01-01 46359
101335800_10_0001-01-01 46354
101346500_10_0001-01-01 46345
101349843_11_0001-01-01 46340
101353993_10_0001-01-01 46337
101360535_10_0001-01-01 46339
101362770_12_0001-01-01 46357
101364586_10_0001-01-01 46336
101368306_10_0001-01-01 46340
101369247_13_0001-01-01 46350
101369494_10_0001-01-01 46340
101378735_10_0001-01-01 46296
101378834_11_0001-01-01 46345
101391613_10_0001-01-01 46295
101392603_10_0001-01-01 46362
101394401_10_0001-01-01 46340
101395028_11_0001-01-01 46321
101395275_11_0001-01-01 46342
101395663_10_0001-01-01 46332
101397461_10_0001-01-01 46376
101397768_11_0001-01-01 46357
101400034_10_0001-01-01 46330
101401826_11_0001-01-01 46376
101402451_11_0001-01-01 46334
101402949_10_0001-01-01 46297
101404028_11_0001-01-01 46351
101404242_11_0001-01-01 46335
101406452_11_0001-01-01 46344
101407906_13_0001-01-01 46355
101412146_12_0001-01-01 46333
101414753_10_0001-01-01 46374
101414951_11_0001-01-01 46342
101415735_13_0001-01-01 46368
101417194_10_0001-01-01 46365
101420271_10_0001-01-01 46364
101425676_10_0001-01-01 46362
101431393_10_0001-01-01 46332
101436699_10_0001-01-01 46376
101439388_10_0001-01-01 46336
101440626_10_0001-01-01 46296
101444883_10_0001-01-01 46337
101444883_10_0001-01-01 46347
101444883_10_0001-01-01 46298
101451284_13_0001-01-01 46321
101460426_11_0001-01-01 46354
101461168_13_0001-01-01 46364
101464972_10_0001-01-01 46296
101470391_13_0001-01-01 46374
10147486_10_0001-01-01 46299
101475374_12_0001-01-01 46342
101475895_11_0001-01-01 46354
101477958_10_0001-01-01 46322
101482115_11_0001-01-01 46330
10148781_10_0001-01-01 46299
101488203_11_0001-01-01 46356
101493294_20_0001-01-01 46368
101495661_10_0001-01-01 46370
101500445_10_0001-01-01 46358
10150167_10_0001-01-01 46328
101505451_11_0001-01-01 46332
101516375_10_0001-01-01 46330
101520054_12_0001-01-01 46373
101521599_10_0001-01-01 46363
101524635_10_0001-01-01 46350
101529774_11_0001-01-01 46329
101533123_14_0001-01-01 46366
101533123_14_0001-01-01 46361
101541282_10_0001-01-01 46358
101545077_15_0001-01-01 46337
101552420_10_0001-01-01 46322
101554533_11_0001-01-01 46371
101562833_10_0001-01-01 46334
101568707_10_0001-01-01 46359
101574564_10_0001-01-01 46322
101575322_11_0001-01-01 46362
101576239_10_0001-01-01 46299
101577005_11_0001-01-01 46344
101578235_10_0001-01-01 46335
101583367_10_0001-01-01 46334
101584969_10_0001-01-01 46351
101588739_11_0001-01-01 46364
101592228_11_0001-01-01 46351
101606226_11_0001-01-01 46376
101611515_10_0001-01-01 46295
101612034_12_0001-01-01 46344
101613255_11_0001-01-01 46296
101614725_10_0001-01-01 46349
101616340_11_0001-01-01 46325
101620896_10_0001-01-01 46341
101623817_10_0001-01-01 46368
101624914_12_0001-01-01 46351
101627750_10_0001-01-01 46374
101631315_11_0001-01-01 46329
101631521_12_0001-01-01 46348
101632537_10_0001-01-01 46353
101636652_10_0001-01-01 46329
101645984_10_0001-01-01 46364
101648327_10_0001-01-01 46340
101653848_10_0001-01-01 46363
101658672_14_0001-01-01 46356
101660090_10_0001-01-01 46341
101662641_10_0001-01-01 46333
101664449_10_0001-01-01 46334
101668713_10_0001-01-01 46338
101669927_11_0001-01-01 46326
101670172_10_0001-01-01 46299
101673259_10_0001-01-01 46295
101677144_10_0001-01-01 46297
101677623_11_0001-01-01 46360
101678928_10_0001-01-01 46355
101681344_12_0001-01-01 46294
101687762_11_0001-01-01 46345
101697167_10_0001-01-01 46338
101707404_11_0001-01-01 46325
101707925_10_0001-01-01 46374
101708733_10_0001-01-01 46294
101713790_11_0001-01-01 46347
101716330_10_0001-01-01 46359
101719466_11_0001-01-01 46370
101723997_11_0001-01-01 46367
10172823_12_0001-01-01 46356
101731388_11_0001-01-01 46321
10174274_11_0001-01-01 46363
10175040_11_0001-01-01 46330
101783421_10_0001-01-01 46325
101795144_11_0001-01-01 46296
101796290_13_0001-01-01 46330
101797132_11_0001-01-01 46338
101800118_16_0001-01-01 46348
101800118_16_0001-01-01 46370
101800118_16_0001-01-01 46358
101805158_10_0001-01-01 46349
101816858_14_0001-01-01 46331
101817047_12_0001-01-01 46296
101826550_10_0001-01-01 46321
101827905_10_0001-01-01 46295
101831592_10_0001-01-01 46365
101836419_11_0001-01-01 46299
101838456_10_0001-01-01 46338
101839413_10_0001-01-01 46347
101846996_12_0001-01-01 46373
101847440_10_0001-01-01 46294
101847440_10_0001-01-01 46339
101848273_12_0001-01-01 46371
10185296_12_0001-01-01 46357
101853166_10_0001-01-01 46357
101853596_11_0001-01-01 46368
101854701_10_0001-01-01 46298
101860005_10_0001-01-01 46340
101866242_11_0001-01-01 46352
101870863_12_0001-01-01 46339
101873099_10_0001-01-01 46371
10187474_11_0001-01-01 46356
101877975_10_0001-01-01 46366
101879013_11_0001-01-01 46294
101883411_13_0001-01-01 46369
101885721_11_0001-01-01 46298
101888071_11_0001-01-01 46321
101892743_10_0001-01-01 46297
101896884_10_0001-01-01 46351
101901544_10_0001-01-01 46360
10191641_12_0001-01-01 46328
101918035_12_0001-01-01 46326
101921013_12_0001-01-01 46365
101923134_13_0001-01-01 46363
101924355_10_0001-01-01 46326
101929636_11_0001-01-01 46335
101941870_11_0001-01-01 46374
101942142_11_0001-01-01 46335
101942829_10_0001-01-01 46298
101949626_11_0001-01-01 46341
101949774_10_0001-01-01 46321
101950160_12_0001-01-01 46370
101950160_12_0001-01-01 46339
101950350_11_0001-01-01 46362
101962447_10_0001-01-01 46331
101965226_10_0001-01-01 46344
101966786_12_0001-01-01 46363
101977544_10_0001-01-01 46331
101978435_11_0001-01-01 46344
10197986_10_0001-01-01 46347
101982395_11_0001-01-01 46338
101983500_10_0001-01-01 46347
101984532_11_0001-01-01 46366
101986511_10_0001-01-01 46348
101987402_10_0001-01-01 46347
101988525_10_0001-01-01 46372
101991131_11_0001-01-01 46366
101994150_10_0001-01-01 46334
10199743_11_0001-01-01 46331
