This is *bfd-main*.

Logging initialized using configuration in file:/etc/hive/conf.bfd-puppet/hive-log4j.properties
OK
Time taken: 0.027 seconds
Copying data from file:/home/jli21/sams/oa_module/2015oct_cis/groupB/config/memberAll
Copying file: file:/home/jli21/sams/oa_module/2015oct_cis/groupB/config/memberAll
Loading data to table pythia.offer_assigned_member_base partition (campaign_month=Oct2015-601-groupB)
OK
Time taken: 1.279 seconds
This is *bfd-main*.

Logging initialized using configuration in file:/etc/hive/conf.bfd-puppet/hive-log4j.properties
OK
0103    601     1       3       1       OR $ off        5429119 300000  1.4     0.0     1       1       31      ANALYTIC        Y       618125  1       Core    58679   1018736 Y       FILLER  NULL    Oct2015-601-groupB
0108    601     1       8       1       OR $ off        5961273 300000  1.75    0.0     1       5       31      ANALYTIC        Y       618059  1       Core    58671   1018705 Y       FILLER  NULL    Oct2015-601-groupB
0108    601     1       8       1       OR $ off        50837694        300000  1.75    0.0     1       5       31      ANALYTIC        Y       618059  1       Core    58671   1018705 Y       FILLER  NULL
        Oct2015-601-groupB
0205    601     2       5       1       OR $ off        5419720 300000  1.55    0.0     1       4       31      ANALYTIC        Y       618456  1       Core    58721   1018877 Y       FILLER  NULL    Oct2015-601-groupB
0205    601     2       5       1       OR $ off        5419722 300000  1.55    0.0     1       4       31      ANALYTIC        Y       618456  1       Core    58721   1018877 Y       FILLER  NULL    Oct2015-601-groupB
0205    601     2       5       1       OR $ off        26299689        300000  1.55    0.0     1       4       31      ANALYTIC        Y       618456  1       Core    58721   1018877 Y       FILLER  NULL
        Oct2015-601-groupB
0205    601     2       5       1       OR $ off        26388631        200000  2.0     0.0     1       1       31      ANALYTIC        Y       618261  1       Core    58695   1018800 Y       FILLER  NULL
        Oct2015-601-groupB
0205    601     2       5       1       OR $ off        29121728        200000  1.5     0.0     1       1       31      ANALYTIC        Y       618229  1       Core    58692   1018789 Y       FILLER  NULL
        Oct2015-601-groupB
0208    601     2       8       1       OR $ off        5687346 300000  2.5     0.0     1       3       31      ANALYTIC        Y       618434  1       Core    58718   1018866 Y       FILLER  NULL    Oct2015-601-groupB
0208    601     2       8       1       OR $ off        22114531        200000  2.0     0.0     1       2       31      ANALYTIC        Y       618024  1       Core    58666   1018655 Y       FILLER  NULL
        Oct2015-601-groupB
Time taken: 1.214 seconds, Fetched: 10 row(s)
This is *bfd-main*.

Logging initialized using configuration in file:/etc/hive/conf.bfd-puppet/hive-log4j.properties
OK
901     12      0001-01-01      Oct2015-601-groupB
3186    11      0001-01-01      Oct2015-601-groupB
3392    29      0001-01-01      Oct2015-601-groupB
4531    10      0001-01-01      Oct2015-601-groupB
4960    21      0001-01-01      Oct2015-601-groupB
6312    11      0001-01-01      Oct2015-601-groupB
6452    32      0001-01-01      Oct2015-601-groupB
6908    21      0001-01-01      Oct2015-601-groupB
7013    10      0001-01-01      Oct2015-601-groupB
7310    10      0001-01-01      Oct2015-601-groupB
Time taken: 1.143 seconds, Fetched: 10 row(s)
